1550782345109	mozrunner::runner	INFO	Running command: "/Applications/Firefox.app/Contents/MacOS/firefox-bin" "-marionette" "-foreground" "-no-remote" "-profile" "/var/folders/gp/dtrzm08n7jzftnzy9qpp0s300000gp/T/rust_mozprofile.cML2w6e2fpo1"
1550782349620	addons.webextension.screenshots@mozilla.org	WARN	Loading extension 'screenshots@mozilla.org': Reading manifest: Invalid host permission: resource://pdf.js/
1550782349620	addons.webextension.screenshots@mozilla.org	WARN	Loading extension 'screenshots@mozilla.org': Reading manifest: Invalid host permission: about:reader*
Can't find symbol 'GetGraphicsResetStatus'.
1550782350998	Marionette	INFO	Listening on port 59254
1550782374600	mozrunner::runner	INFO	Running command: "/Applications/Firefox.app/Contents/MacOS/firefox-bin" "-marionette" "-foreground" "-no-remote" "-profile" "/var/folders/gp/dtrzm08n7jzftnzy9qpp0s300000gp/T/rust_mozprofile.rhMou7GjVg51"
1550782375080	addons.webextension.screenshots@mozilla.org	WARN	Loading extension 'screenshots@mozilla.org': Reading manifest: Invalid host permission: resource://pdf.js/
1550782375081	addons.webextension.screenshots@mozilla.org	WARN	Loading extension 'screenshots@mozilla.org': Reading manifest: Invalid host permission: about:reader*
Can't find symbol 'GetGraphicsResetStatus'.
1550782376403	Marionette	INFO	Listening on port 59289
1550782376447	Marionette	WARN	TLS certificate errors will be ignored for this session
1550782378058	Marionette	INFO	Stopped listening on port 59289
[Parent 81790, Gecko_IOThread] WARNING: pipe error: Broken pipe: file /builds/worker/workspace/build/src/ipc/chromium/src/chrome/common/ipc_channel_posix.cc, line 718
1550782406882	mozrunner::runner	INFO	Running command: "/Applications/Firefox.app/Contents/MacOS/firefox-bin" "-marionette" "-foreground" "-no-remote" "-profile" "/var/folders/gp/dtrzm08n7jzftnzy9qpp0s300000gp/T/rust_mozprofile.ZQkTYZsYkzcg"
1550782407306	addons.webextension.screenshots@mozilla.org	WARN	Loading extension 'screenshots@mozilla.org': Reading manifest: Invalid host permission: resource://pdf.js/
1550782407306	addons.webextension.screenshots@mozilla.org	WARN	Loading extension 'screenshots@mozilla.org': Reading manifest: Invalid host permission: about:reader*
Can't find symbol 'GetGraphicsResetStatus'.
1550782408649	Marionette	INFO	Listening on port 59343
1550782408714	Marionette	WARN	TLS certificate errors will be ignored for this session
1550782410241	Marionette	INFO	Stopped listening on port 59343
Can't find symbol 'GetGraphicsResetStatus'.
1550782476360	mozrunner::runner	INFO	Running command: "/Applications/Firefox.app/Contents/MacOS/firefox-bin" "-marionette" "-foreground" "-no-remote" "-profile" "/var/folders/gp/dtrzm08n7jzftnzy9qpp0s300000gp/T/rust_mozprofile.L31hxlFt6Fzh"
1550782476840	addons.webextension.screenshots@mozilla.org	WARN	Loading extension 'screenshots@mozilla.org': Reading manifest: Invalid host permission: resource://pdf.js/
1550782476840	addons.webextension.screenshots@mozilla.org	WARN	Loading extension 'screenshots@mozilla.org': Reading manifest: Invalid host permission: about:reader*
Can't find symbol 'GetGraphicsResetStatus'.
1550782478345	Marionette	INFO	Listening on port 59613
1550782478423	Marionette	WARN	TLS certificate errors will be ignored for this session
1550782486067	Marionette	INFO	Stopped listening on port 59613
console.error: BroadcastService: 
  receivedBroadcastMessage: handler for
  remote-settings/monitor_changes
  threw error:
  Message: Error: Polling for changes failed: NetworkError when attempting to fetch resource..
  Stack:
    remoteSettingsFunction/remoteSettings.pollChanges@resource://services-settings/remote-settings.js:188:13

1550784528999	mozrunner::runner	INFO	Running command: "/Applications/Firefox.app/Contents/MacOS/firefox-bin" "-marionette" "-foreground" "-no-remote" "-profile" "/var/folders/gp/dtrzm08n7jzftnzy9qpp0s300000gp/T/rust_mozprofile.jtqLB7W2DUz8"
1550784529429	addons.webextension.screenshots@mozilla.org	WARN	Loading extension 'screenshots@mozilla.org': Reading manifest: Invalid host permission: resource://pdf.js/
1550784529429	addons.webextension.screenshots@mozilla.org	WARN	Loading extension 'screenshots@mozilla.org': Reading manifest: Invalid host permission: about:reader*
Can't find symbol 'GetGraphicsResetStatus'.
1550784530853	Marionette	INFO	Listening on port 60150
1550784530944	Marionette	WARN	TLS certificate errors will be ignored for this session
1550784539848	Marionette	INFO	Stopped listening on port 60150
1550784893048	mozrunner::runner	INFO	Running command: "/Applications/Firefox.app/Contents/MacOS/firefox-bin" "-marionette" "-foreground" "-no-remote" "-profile" "/var/folders/gp/dtrzm08n7jzftnzy9qpp0s300000gp/T/rust_mozprofile.tj4eZfayT2vR"
1550784893472	addons.webextension.screenshots@mozilla.org	WARN	Loading extension 'screenshots@mozilla.org': Reading manifest: Invalid host permission: resource://pdf.js/
1550784893472	addons.webextension.screenshots@mozilla.org	WARN	Loading extension 'screenshots@mozilla.org': Reading manifest: Invalid host permission: about:reader*
Can't find symbol 'GetGraphicsResetStatus'.
1550784894806	Marionette	INFO	Listening on port 60232
1550784894909	Marionette	WARN	TLS certificate errors will be ignored for this session
1550784896809	Marionette	INFO	Stopped listening on port 60232
1550784915774	mozrunner::runner	INFO	Running command: "/Applications/Firefox.app/Contents/MacOS/firefox-bin" "-marionette" "-foreground" "-no-remote" "-profile" "/var/folders/gp/dtrzm08n7jzftnzy9qpp0s300000gp/T/rust_mozprofile.YN8QZhyGPm2Z"
1550784916200	addons.webextension.screenshots@mozilla.org	WARN	Loading extension 'screenshots@mozilla.org': Reading manifest: Invalid host permission: resource://pdf.js/
1550784916200	addons.webextension.screenshots@mozilla.org	WARN	Loading extension 'screenshots@mozilla.org': Reading manifest: Invalid host permission: about:reader*
Can't find symbol 'GetGraphicsResetStatus'.
1550784917572	Marionette	INFO	Listening on port 60297
1550784917616	Marionette	WARN	TLS certificate errors will be ignored for this session
1550784919509	Marionette	INFO	Stopped listening on port 60297
1550784945202	mozrunner::runner	INFO	Running command: "/Applications/Firefox.app/Contents/MacOS/firefox-bin" "-marionette" "-foreground" "-no-remote" "-profile" "/var/folders/gp/dtrzm08n7jzftnzy9qpp0s300000gp/T/rust_mozprofile.ZbBvf6s4QBPf"
1550784945629	addons.webextension.screenshots@mozilla.org	WARN	Loading extension 'screenshots@mozilla.org': Reading manifest: Invalid host permission: resource://pdf.js/
1550784945629	addons.webextension.screenshots@mozilla.org	WARN	Loading extension 'screenshots@mozilla.org': Reading manifest: Invalid host permission: about:reader*
Can't find symbol 'GetGraphicsResetStatus'.
1550784946950	Marionette	INFO	Listening on port 60358
1550784947039	Marionette	WARN	TLS certificate errors will be ignored for this session
1550784959243	Marionette	INFO	Stopped listening on port 60358
